{"C:\\Users\\wahyu\\Music\\Coding\\Hacktiv8\\Phase 2\\Week 3\\I-Project\\IP-RMT56\\server\\app.js": {"path":"C:\\Users\\wahyu\\Music\\Coding\\Hacktiv8\\Phase 2\\Week 3\\I-Project\\IP-RMT56\\server\\app.js","statementMap":{"0":{"start":{"line":1,"column":0},"end":{"line":3,"column":1}},"1":{"start":{"line":2,"column":2},"end":{"line":2,"column":29}},"2":{"start":{"line":4,"column":16},"end":{"line":4,"column":34}},"3":{"start":{"line":5,"column":13},"end":{"line":5,"column":28}},"4":{"start":{"line":6,"column":15},"end":{"line":6,"column":34}},"5":{"start":{"line":7,"column":21},"end":{"line":7,"column":58}},"6":{"start":{"line":8,"column":12},"end":{"line":8,"column":21}},"7":{"start":{"line":10,"column":0},"end":{"line":10,"column":16}},"8":{"start":{"line":11,"column":0},"end":{"line":11,"column":46}},"9":{"start":{"line":12,"column":0},"end":{"line":12,"column":24}},"10":{"start":{"line":14,"column":0},"end":{"line":14,"column":16}},"11":{"start":{"line":16,"column":0},"end":{"line":16,"column":22}},"12":{"start":{"line":18,"column":0},"end":{"line":18,"column":21}}},"fnMap":{},"branchMap":{"0":{"loc":{"start":{"line":1,"column":0},"end":{"line":3,"column":1}},"type":"if","locations":[{"start":{"line":1,"column":0},"end":{"line":3,"column":1}},{"start":{},"end":{}}],"line":1}},"s":{"0":2,"1":2,"2":2,"3":2,"4":2,"5":2,"6":2,"7":2,"8":2,"9":2,"10":2,"11":2,"12":2},"f":{},"b":{"0":[2,0]},"_coverageSchema":"1a1c01bbd47fc00a2c39e90264f33305004495a9","hash":"48d7a50ffd9040956525df938a743fd650f19e51"}
,"C:\\Users\\wahyu\\Music\\Coding\\Hacktiv8\\Phase 2\\Week 3\\I-Project\\IP-RMT56\\server\\controllers\\AuthController.js": {"path":"C:\\Users\\wahyu\\Music\\Coding\\Hacktiv8\\Phase 2\\Week 3\\I-Project\\IP-RMT56\\server\\controllers\\AuthController.js","statementMap":{"0":{"start":{"line":1,"column":28},"end":{"line":1,"column":58}},"1":{"start":{"line":2,"column":22},"end":{"line":2,"column":47}},"2":{"start":{"line":3,"column":17},"end":{"line":3,"column":37}},"3":{"start":{"line":4,"column":25},"end":{"line":4,"column":55}},"4":{"start":{"line":8,"column":4},"end":{"line":17,"column":5}},"5":{"start":{"line":9,"column":34},"end":{"line":9,"column":42}},"6":{"start":{"line":10,"column":6},"end":{"line":12,"column":7}},"7":{"start":{"line":11,"column":8},"end":{"line":11,"column":70}},"8":{"start":{"line":13,"column":6},"end":{"line":13,"column":45}},"9":{"start":{"line":14,"column":6},"end":{"line":14,"column":63}},"10":{"start":{"line":16,"column":6},"end":{"line":16,"column":18}},"11":{"start":{"line":20,"column":4},"end":{"line":52,"column":5}},"12":{"start":{"line":21,"column":34},"end":{"line":21,"column":42}},"13":{"start":{"line":23,"column":6},"end":{"line":25,"column":7}},"14":{"start":{"line":24,"column":8},"end":{"line":24,"column":67}},"15":{"start":{"line":26,"column":6},"end":{"line":28,"column":7}},"16":{"start":{"line":27,"column":8},"end":{"line":27,"column":70}},"17":{"start":{"line":29,"column":19},"end":{"line":33,"column":8}},"18":{"start":{"line":35,"column":6},"end":{"line":37,"column":7}},"19":{"start":{"line":36,"column":8},"end":{"line":36,"column":77}},"20":{"start":{"line":39,"column":24},"end":{"line":39,"column":64}},"21":{"start":{"line":41,"column":6},"end":{"line":43,"column":7}},"22":{"start":{"line":42,"column":8},"end":{"line":42,"column":77}},"23":{"start":{"line":45,"column":27},"end":{"line":45,"column":53}},"24":{"start":{"line":47,"column":6},"end":{"line":49,"column":9}},"25":{"start":{"line":51,"column":6},"end":{"line":51,"column":18}},"26":{"start":{"line":55,"column":4},"end":{"line":91,"column":5}},"27":{"start":{"line":56,"column":21},"end":{"line":56,"column":60}},"28":{"start":{"line":57,"column":30},"end":{"line":57,"column":38}},"29":{"start":{"line":59,"column":21},"end":{"line":62,"column":8}},"30":{"start":{"line":64,"column":6},"end":{"line":66,"column":7}},"31":{"start":{"line":65,"column":8},"end":{"line":65,"column":70}},"32":{"start":{"line":68,"column":22},"end":{"line":68,"column":41}},"33":{"start":{"line":70,"column":17},"end":{"line":74,"column":8}},"34":{"start":{"line":76,"column":6},"end":{"line":83,"column":7}},"35":{"start":{"line":77,"column":8},"end":{"line":82,"column":11}},"36":{"start":{"line":85,"column":27},"end":{"line":85,"column":53}},"37":{"start":{"line":86,"column":6},"end":{"line":88,"column":9}},"38":{"start":{"line":90,"column":6},"end":{"line":90,"column":18}},"39":{"start":{"line":95,"column":0},"end":{"line":95,"column":32}}},"fnMap":{"0":{"name":"(anonymous_0)","decl":{"start":{"line":7,"column":2},"end":{"line":7,"column":3}},"loc":{"start":{"line":7,"column":40},"end":{"line":18,"column":3}},"line":7},"1":{"name":"(anonymous_1)","decl":{"start":{"line":19,"column":2},"end":{"line":19,"column":3}},"loc":{"start":{"line":19,"column":37},"end":{"line":53,"column":3}},"line":19},"2":{"name":"(anonymous_2)","decl":{"start":{"line":54,"column":2},"end":{"line":54,"column":3}},"loc":{"start":{"line":54,"column":43},"end":{"line":92,"column":3}},"line":54}},"branchMap":{"0":{"loc":{"start":{"line":10,"column":6},"end":{"line":12,"column":7}},"type":"if","locations":[{"start":{"line":10,"column":6},"end":{"line":12,"column":7}},{"start":{},"end":{}}],"line":10},"1":{"loc":{"start":{"line":23,"column":6},"end":{"line":25,"column":7}},"type":"if","locations":[{"start":{"line":23,"column":6},"end":{"line":25,"column":7}},{"start":{},"end":{}}],"line":23},"2":{"loc":{"start":{"line":26,"column":6},"end":{"line":28,"column":7}},"type":"if","locations":[{"start":{"line":26,"column":6},"end":{"line":28,"column":7}},{"start":{},"end":{}}],"line":26},"3":{"loc":{"start":{"line":35,"column":6},"end":{"line":37,"column":7}},"type":"if","locations":[{"start":{"line":35,"column":6},"end":{"line":37,"column":7}},{"start":{},"end":{}}],"line":35},"4":{"loc":{"start":{"line":41,"column":6},"end":{"line":43,"column":7}},"type":"if","locations":[{"start":{"line":41,"column":6},"end":{"line":43,"column":7}},{"start":{},"end":{}}],"line":41},"5":{"loc":{"start":{"line":64,"column":6},"end":{"line":66,"column":7}},"type":"if","locations":[{"start":{"line":64,"column":6},"end":{"line":66,"column":7}},{"start":{},"end":{}}],"line":64},"6":{"loc":{"start":{"line":76,"column":6},"end":{"line":83,"column":7}},"type":"if","locations":[{"start":{"line":76,"column":6},"end":{"line":83,"column":7}},{"start":{},"end":{}}],"line":76}},"s":{"0":2,"1":2,"2":2,"3":2,"4":3,"5":3,"6":3,"7":1,"8":2,"9":1,"10":2,"11":4,"12":4,"13":4,"14":1,"15":3,"16":1,"17":2,"18":2,"19":0,"20":2,"21":2,"22":1,"23":1,"24":1,"25":3,"26":0,"27":0,"28":0,"29":0,"30":0,"31":0,"32":0,"33":0,"34":0,"35":0,"36":0,"37":0,"38":0,"39":2},"f":{"0":3,"1":4,"2":0},"b":{"0":[1,2],"1":[1,3],"2":[1,2],"3":[0,2],"4":[1,1],"5":[0,0],"6":[0,0]},"_coverageSchema":"1a1c01bbd47fc00a2c39e90264f33305004495a9","hash":"c628d3d563000a4e18a3bcea7a1cb317cab02586"}
,"C:\\Users\\wahyu\\Music\\Coding\\Hacktiv8\\Phase 2\\Week 3\\I-Project\\IP-RMT56\\server\\controllers\\MovieController.js": {"path":"C:\\Users\\wahyu\\Music\\Coding\\Hacktiv8\\Phase 2\\Week 3\\I-Project\\IP-RMT56\\server\\controllers\\MovieController.js","statementMap":{"0":{"start":{"line":1,"column":47},"end":{"line":1,"column":75}},"1":{"start":{"line":5,"column":4},"end":{"line":5,"column":36}},"2":{"start":{"line":6,"column":45},"end":{"line":6,"column":65}},"3":{"start":{"line":7,"column":14},"end":{"line":7,"column":30}},"4":{"start":{"line":8,"column":14},"end":{"line":8,"column":71}},"5":{"start":{"line":8,"column":22},"end":{"line":8,"column":71}},"6":{"start":{"line":8,"column":47},"end":{"line":8,"column":70}},"7":{"start":{"line":12,"column":4},"end":{"line":58,"column":5}},"8":{"start":{"line":13,"column":22},"end":{"line":13,"column":66}},"9":{"start":{"line":14,"column":27},"end":{"line":14,"column":70}},"10":{"start":{"line":16,"column":30},"end":{"line":16,"column":39}},"11":{"start":{"line":18,"column":6},"end":{"line":18,"column":24}},"12":{"start":{"line":21,"column":6},"end":{"line":40,"column":7}},"13":{"start":{"line":22,"column":8},"end":{"line":29,"column":11}},"14":{"start":{"line":31,"column":8},"end":{"line":39,"column":11}},"15":{"start":{"line":42,"column":22},"end":{"line":50,"column":8}},"16":{"start":{"line":43,"column":8},"end":{"line":49,"column":10}},"17":{"start":{"line":51,"column":6},"end":{"line":55,"column":9}},"18":{"start":{"line":57,"column":6},"end":{"line":57,"column":18}},"19":{"start":{"line":62,"column":4},"end":{"line":117,"column":5}},"20":{"start":{"line":63,"column":21},"end":{"line":63,"column":31}},"21":{"start":{"line":64,"column":20},"end":{"line":68,"column":8}},"22":{"start":{"line":70,"column":26},"end":{"line":70,"column":76}},"23":{"start":{"line":71,"column":6},"end":{"line":71,"column":24}},"24":{"start":{"line":73,"column":23},"end":{"line":77,"column":8}},"25":{"start":{"line":78,"column":19},"end":{"line":78,"column":28}},"26":{"start":{"line":80,"column":6},"end":{"line":114,"column":7}},"27":{"start":{"line":81,"column":24},"end":{"line":81,"column":66}},"28":{"start":{"line":82,"column":8},"end":{"line":82,"column":26}},"29":{"start":{"line":84,"column":25},"end":{"line":88,"column":10}},"30":{"start":{"line":90,"column":25},"end":{"line":90,"column":38}},"31":{"start":{"line":91,"column":24},"end":{"line":93,"column":10}},"32":{"start":{"line":92,"column":10},"end":{"line":92,"column":25}},"33":{"start":{"line":94,"column":8},"end":{"line":98,"column":9}},"34":{"start":{"line":95,"column":10},"end":{"line":95,"column":42}},"35":{"start":{"line":97,"column":10},"end":{"line":97,"column":35}},"36":{"start":{"line":99,"column":25},"end":{"line":109,"column":10}},"37":{"start":{"line":111,"column":8},"end":{"line":111,"column":50}},"38":{"start":{"line":113,"column":8},"end":{"line":113,"column":47}},"39":{"start":{"line":116,"column":6},"end":{"line":116,"column":18}},"40":{"start":{"line":121,"column":4},"end":{"line":135,"column":5}},"41":{"start":{"line":122,"column":21},"end":{"line":122,"column":31}},"42":{"start":{"line":124,"column":20},"end":{"line":124,"column":45}},"43":{"start":{"line":126,"column":6},"end":{"line":128,"column":7}},"44":{"start":{"line":127,"column":8},"end":{"line":127,"column":63}},"45":{"start":{"line":130,"column":20},"end":{"line":130,"column":52}},"46":{"start":{"line":132,"column":6},"end":{"line":132,"column":24}},"47":{"start":{"line":134,"column":6},"end":{"line":134,"column":18}},"48":{"start":{"line":139,"column":0},"end":{"line":139,"column":33}}},"fnMap":{"0":{"name":"(anonymous_0)","decl":{"start":{"line":8,"column":14},"end":{"line":8,"column":15}},"loc":{"start":{"line":8,"column":22},"end":{"line":8,"column":71}},"line":8},"1":{"name":"(anonymous_1)","decl":{"start":{"line":8,"column":34},"end":{"line":8,"column":35}},"loc":{"start":{"line":8,"column":47},"end":{"line":8,"column":70}},"line":8},"2":{"name":"(anonymous_2)","decl":{"start":{"line":11,"column":2},"end":{"line":11,"column":3}},"loc":{"start":{"line":11,"column":43},"end":{"line":59,"column":3}},"line":11},"3":{"name":"(anonymous_3)","decl":{"start":{"line":42,"column":48},"end":{"line":42,"column":49}},"loc":{"start":{"line":42,"column":60},"end":{"line":50,"column":7}},"line":42},"4":{"name":"(anonymous_4)","decl":{"start":{"line":61,"column":2},"end":{"line":61,"column":3}},"loc":{"start":{"line":61,"column":43},"end":{"line":118,"column":3}},"line":61},"5":{"name":"(anonymous_5)","decl":{"start":{"line":91,"column":44},"end":{"line":91,"column":45}},"loc":{"start":{"line":91,"column":52},"end":{"line":93,"column":9}},"line":91},"6":{"name":"(anonymous_6)","decl":{"start":{"line":120,"column":2},"end":{"line":120,"column":3}},"loc":{"start":{"line":120,"column":44},"end":{"line":136,"column":3}},"line":120}},"branchMap":{"0":{"loc":{"start":{"line":21,"column":6},"end":{"line":40,"column":7}},"type":"if","locations":[{"start":{"line":21,"column":6},"end":{"line":40,"column":7}},{"start":{"line":30,"column":13},"end":{"line":40,"column":7}}],"line":21},"1":{"loc":{"start":{"line":80,"column":6},"end":{"line":114,"column":7}},"type":"if","locations":[{"start":{"line":80,"column":6},"end":{"line":114,"column":7}},{"start":{"line":112,"column":13},"end":{"line":114,"column":7}}],"line":80},"2":{"loc":{"start":{"line":94,"column":8},"end":{"line":98,"column":9}},"type":"if","locations":[{"start":{"line":94,"column":8},"end":{"line":98,"column":9}},{"start":{"line":96,"column":15},"end":{"line":98,"column":9}}],"line":94},"3":{"loc":{"start":{"line":126,"column":6},"end":{"line":128,"column":7}},"type":"if","locations":[{"start":{"line":126,"column":6},"end":{"line":128,"column":7}},{"start":{},"end":{}}],"line":126}},"s":{"0":2,"1":2,"2":2,"3":2,"4":2,"5":0,"6":0,"7":0,"8":0,"9":0,"10":0,"11":0,"12":0,"13":0,"14":0,"15":0,"16":0,"17":0,"18":0,"19":0,"20":0,"21":0,"22":0,"23":0,"24":0,"25":0,"26":0,"27":0,"28":0,"29":0,"30":0,"31":0,"32":0,"33":0,"34":0,"35":0,"36":0,"37":0,"38":0,"39":0,"40":0,"41":0,"42":0,"43":0,"44":0,"45":0,"46":0,"47":0,"48":2},"f":{"0":0,"1":0,"2":0,"3":0,"4":0,"5":0,"6":0},"b":{"0":[0,0],"1":[0,0],"2":[0,0],"3":[0,0]},"_coverageSchema":"1a1c01bbd47fc00a2c39e90264f33305004495a9","hash":"df19a9df47c9ee77f77f5b307e9d11cce8b60920"}
,"C:\\Users\\wahyu\\Music\\Coding\\Hacktiv8\\Phase 2\\Week 3\\I-Project\\IP-RMT56\\server\\controllers\\RecomendationController.js": {"path":"C:\\Users\\wahyu\\Music\\Coding\\Hacktiv8\\Phase 2\\Week 3\\I-Project\\IP-RMT56\\server\\controllers\\RecomendationController.js","statementMap":{"0":{"start":{"line":1,"column":33},"end":{"line":1,"column":53}},"1":{"start":{"line":2,"column":14},"end":{"line":2,"column":30}},"2":{"start":{"line":6,"column":4},"end":{"line":29,"column":5}},"3":{"start":{"line":7,"column":26},"end":{"line":7,"column":36}},"4":{"start":{"line":8,"column":25},"end":{"line":8,"column":33}},"5":{"start":{"line":10,"column":28},"end":{"line":15,"column":8}},"6":{"start":{"line":16,"column":6},"end":{"line":18,"column":7}},"7":{"start":{"line":17,"column":8},"end":{"line":17,"column":71}},"8":{"start":{"line":19,"column":6},"end":{"line":23,"column":9}},"9":{"start":{"line":24,"column":6},"end":{"line":26,"column":9}},"10":{"start":{"line":28,"column":6},"end":{"line":28,"column":18}},"11":{"start":{"line":33,"column":4},"end":{"line":52,"column":5}},"12":{"start":{"line":34,"column":26},"end":{"line":34,"column":36}},"13":{"start":{"line":36,"column":27},"end":{"line":41,"column":8}},"14":{"start":{"line":42,"column":6},"end":{"line":44,"column":7}},"15":{"start":{"line":43,"column":8},"end":{"line":43,"column":72}},"16":{"start":{"line":46,"column":6},"end":{"line":46,"column":35}},"17":{"start":{"line":47,"column":6},"end":{"line":49,"column":9}},"18":{"start":{"line":51,"column":6},"end":{"line":51,"column":18}},"19":{"start":{"line":56,"column":0},"end":{"line":56,"column":41}}},"fnMap":{"0":{"name":"(anonymous_0)","decl":{"start":{"line":5,"column":2},"end":{"line":5,"column":3}},"loc":{"start":{"line":5,"column":52},"end":{"line":30,"column":3}},"line":5},"1":{"name":"(anonymous_1)","decl":{"start":{"line":32,"column":2},"end":{"line":32,"column":3}},"loc":{"start":{"line":32,"column":52},"end":{"line":53,"column":3}},"line":32}},"branchMap":{"0":{"loc":{"start":{"line":16,"column":6},"end":{"line":18,"column":7}},"type":"if","locations":[{"start":{"line":16,"column":6},"end":{"line":18,"column":7}},{"start":{},"end":{}}],"line":16},"1":{"loc":{"start":{"line":42,"column":6},"end":{"line":44,"column":7}},"type":"if","locations":[{"start":{"line":42,"column":6},"end":{"line":44,"column":7}},{"start":{},"end":{}}],"line":42}},"s":{"0":2,"1":2,"2":0,"3":0,"4":0,"5":0,"6":0,"7":0,"8":0,"9":0,"10":0,"11":0,"12":0,"13":0,"14":0,"15":0,"16":0,"17":0,"18":0,"19":2},"f":{"0":0,"1":0},"b":{"0":[0,0],"1":[0,0]},"_coverageSchema":"1a1c01bbd47fc00a2c39e90264f33305004495a9","hash":"3ebb78bdb5423c97ff9244a211e0b5367bbd18cf"}
,"C:\\Users\\wahyu\\Music\\Coding\\Hacktiv8\\Phase 2\\Week 3\\I-Project\\IP-RMT56\\server\\controllers\\UserController.js": {"path":"C:\\Users\\wahyu\\Music\\Coding\\Hacktiv8\\Phase 2\\Week 3\\I-Project\\IP-RMT56\\server\\controllers\\UserController.js","statementMap":{"0":{"start":{"line":1,"column":51},"end":{"line":1,"column":71}},"1":{"start":{"line":5,"column":4},"end":{"line":38,"column":5}},"2":{"start":{"line":6,"column":71},"end":{"line":6,"column":79}},"3":{"start":{"line":7,"column":6},"end":{"line":9,"column":7}},"4":{"start":{"line":8,"column":8},"end":{"line":8,"column":63}},"5":{"start":{"line":10,"column":19},"end":{"line":12,"column":8}},"6":{"start":{"line":13,"column":6},"end":{"line":15,"column":7}},"7":{"start":{"line":14,"column":8},"end":{"line":14,"column":60}},"8":{"start":{"line":16,"column":6},"end":{"line":16,"column":50}},"9":{"start":{"line":17,"column":25},"end":{"line":21,"column":8}},"10":{"start":{"line":22,"column":6},"end":{"line":35,"column":7}},"11":{"start":{"line":23,"column":8},"end":{"line":27,"column":11}},"12":{"start":{"line":28,"column":8},"end":{"line":28,"column":56}},"13":{"start":{"line":30,"column":8},"end":{"line":33,"column":11}},"14":{"start":{"line":34,"column":8},"end":{"line":34,"column":56}},"15":{"start":{"line":37,"column":6},"end":{"line":37,"column":18}},"16":{"start":{"line":42,"column":4},"end":{"line":59,"column":5}},"17":{"start":{"line":43,"column":19},"end":{"line":55,"column":8}},"18":{"start":{"line":56,"column":6},"end":{"line":56,"column":25}},"19":{"start":{"line":58,"column":6},"end":{"line":58,"column":18}},"20":{"start":{"line":63,"column":4},"end":{"line":80,"column":5}},"21":{"start":{"line":64,"column":20},"end":{"line":72,"column":8}},"22":{"start":{"line":74,"column":6},"end":{"line":76,"column":7}},"23":{"start":{"line":75,"column":8},"end":{"line":75,"column":63}},"24":{"start":{"line":77,"column":6},"end":{"line":77,"column":26}},"25":{"start":{"line":79,"column":6},"end":{"line":79,"column":18}},"26":{"start":{"line":84,"column":4},"end":{"line":99,"column":5}},"27":{"start":{"line":85,"column":28},"end":{"line":92,"column":8}},"28":{"start":{"line":93,"column":6},"end":{"line":95,"column":7}},"29":{"start":{"line":94,"column":8},"end":{"line":94,"column":73}},"30":{"start":{"line":96,"column":6},"end":{"line":96,"column":30}},"31":{"start":{"line":98,"column":6},"end":{"line":98,"column":18}},"32":{"start":{"line":103,"column":0},"end":{"line":103,"column":32}}},"fnMap":{"0":{"name":"(anonymous_0)","decl":{"start":{"line":4,"column":2},"end":{"line":4,"column":3}},"loc":{"start":{"line":4,"column":45},"end":{"line":39,"column":3}},"line":4},"1":{"name":"(anonymous_1)","decl":{"start":{"line":41,"column":2},"end":{"line":41,"column":3}},"loc":{"start":{"line":41,"column":40},"end":{"line":60,"column":3}},"line":41},"2":{"name":"(anonymous_2)","decl":{"start":{"line":62,"column":2},"end":{"line":62,"column":3}},"loc":{"start":{"line":62,"column":54},"end":{"line":81,"column":3}},"line":62},"3":{"name":"(anonymous_3)","decl":{"start":{"line":83,"column":2},"end":{"line":83,"column":3}},"loc":{"start":{"line":83,"column":51},"end":{"line":100,"column":3}},"line":83}},"branchMap":{"0":{"loc":{"start":{"line":7,"column":6},"end":{"line":9,"column":7}},"type":"if","locations":[{"start":{"line":7,"column":6},"end":{"line":9,"column":7}},{"start":{},"end":{}}],"line":7},"1":{"loc":{"start":{"line":13,"column":6},"end":{"line":15,"column":7}},"type":"if","locations":[{"start":{"line":13,"column":6},"end":{"line":15,"column":7}},{"start":{},"end":{}}],"line":13},"2":{"loc":{"start":{"line":22,"column":6},"end":{"line":35,"column":7}},"type":"if","locations":[{"start":{"line":22,"column":6},"end":{"line":35,"column":7}},{"start":{"line":29,"column":13},"end":{"line":35,"column":7}}],"line":22},"3":{"loc":{"start":{"line":74,"column":6},"end":{"line":76,"column":7}},"type":"if","locations":[{"start":{"line":74,"column":6},"end":{"line":76,"column":7}},{"start":{},"end":{}}],"line":74},"4":{"loc":{"start":{"line":93,"column":6},"end":{"line":95,"column":7}},"type":"if","locations":[{"start":{"line":93,"column":6},"end":{"line":95,"column":7}},{"start":{},"end":{}}],"line":93}},"s":{"0":2,"1":0,"2":0,"3":0,"4":0,"5":0,"6":0,"7":0,"8":0,"9":0,"10":0,"11":0,"12":0,"13":0,"14":0,"15":0,"16":1,"17":1,"18":1,"19":0,"20":0,"21":0,"22":0,"23":0,"24":0,"25":0,"26":1,"27":1,"28":1,"29":0,"30":1,"31":0,"32":2},"f":{"0":0,"1":1,"2":0,"3":1},"b":{"0":[0,0],"1":[0,0],"2":[0,0],"3":[0,0],"4":[0,1]},"_coverageSchema":"1a1c01bbd47fc00a2c39e90264f33305004495a9","hash":"860bbe015b6bbf3bc76a9b777c16de9f12804cef"}
,"C:\\Users\\wahyu\\Music\\Coding\\Hacktiv8\\Phase 2\\Week 3\\I-Project\\IP-RMT56\\server\\helpers\\bcryptjs.js": {"path":"C:\\Users\\wahyu\\Music\\Coding\\Hacktiv8\\Phase 2\\Week 3\\I-Project\\IP-RMT56\\server\\helpers\\bcryptjs.js","statementMap":{"0":{"start":{"line":1,"column":15},"end":{"line":1,"column":34}},"1":{"start":{"line":3,"column":21},"end":{"line":5,"column":1}},"2":{"start":{"line":4,"column":2},"end":{"line":4,"column":35}},"3":{"start":{"line":7,"column":24},"end":{"line":9,"column":1}},"4":{"start":{"line":8,"column":2},"end":{"line":8,"column":54}},"5":{"start":{"line":11,"column":0},"end":{"line":14,"column":2}}},"fnMap":{"0":{"name":"(anonymous_0)","decl":{"start":{"line":3,"column":21},"end":{"line":3,"column":22}},"loc":{"start":{"line":3,"column":35},"end":{"line":5,"column":1}},"line":3},"1":{"name":"(anonymous_1)","decl":{"start":{"line":7,"column":24},"end":{"line":7,"column":25}},"loc":{"start":{"line":7,"column":54},"end":{"line":9,"column":1}},"line":7}},"branchMap":{},"s":{"0":2,"1":2,"2":2,"3":2,"4":2,"5":2},"f":{"0":2,"1":2},"b":{},"_coverageSchema":"1a1c01bbd47fc00a2c39e90264f33305004495a9","hash":"922b5363dbf27c6c475a297ebb4667f494178cba"}
,"C:\\Users\\wahyu\\Music\\Coding\\Hacktiv8\\Phase 2\\Week 3\\I-Project\\IP-RMT56\\server\\helpers\\gemini.js": {"path":"C:\\Users\\wahyu\\Music\\Coding\\Hacktiv8\\Phase 2\\Week 3\\I-Project\\IP-RMT56\\server\\helpers\\gemini.js","statementMap":{"0":{"start":{"line":1,"column":31},"end":{"line":1,"column":63}},"1":{"start":{"line":3,"column":22},"end":{"line":15,"column":1}},"2":{"start":{"line":4,"column":2},"end":{"line":14,"column":3}},"3":{"start":{"line":5,"column":18},"end":{"line":5,"column":68}},"4":{"start":{"line":6,"column":18},"end":{"line":6,"column":73}},"5":{"start":{"line":8,"column":19},"end":{"line":8,"column":406}},"6":{"start":{"line":10,"column":19},"end":{"line":10,"column":54}},"7":{"start":{"line":11,"column":4},"end":{"line":11,"column":34}},"8":{"start":{"line":13,"column":4},"end":{"line":13,"column":23}},"9":{"start":{"line":17,"column":0},"end":{"line":19,"column":2}}},"fnMap":{"0":{"name":"(anonymous_0)","decl":{"start":{"line":3,"column":22},"end":{"line":3,"column":23}},"loc":{"start":{"line":3,"column":39},"end":{"line":15,"column":1}},"line":3}},"branchMap":{},"s":{"0":2,"1":2,"2":0,"3":0,"4":0,"5":0,"6":0,"7":0,"8":0,"9":2},"f":{"0":0},"b":{},"_coverageSchema":"1a1c01bbd47fc00a2c39e90264f33305004495a9","hash":"08b5448714aa3c1f1910f304fa255e20a007fd08"}
,"C:\\Users\\wahyu\\Music\\Coding\\Hacktiv8\\Phase 2\\Week 3\\I-Project\\IP-RMT56\\server\\helpers\\jwt.js": {"path":"C:\\Users\\wahyu\\Music\\Coding\\Hacktiv8\\Phase 2\\Week 3\\I-Project\\IP-RMT56\\server\\helpers\\jwt.js","statementMap":{"0":{"start":{"line":1,"column":12},"end":{"line":1,"column":35}},"1":{"start":{"line":2,"column":18},"end":{"line":2,"column":40}},"2":{"start":{"line":4,"column":18},"end":{"line":6,"column":1}},"3":{"start":{"line":5,"column":2},"end":{"line":5,"column":35}},"4":{"start":{"line":8,"column":20},"end":{"line":10,"column":1}},"5":{"start":{"line":9,"column":2},"end":{"line":9,"column":38}},"6":{"start":{"line":12,"column":0},"end":{"line":15,"column":2}}},"fnMap":{"0":{"name":"(anonymous_0)","decl":{"start":{"line":4,"column":18},"end":{"line":4,"column":19}},"loc":{"start":{"line":4,"column":28},"end":{"line":6,"column":1}},"line":4},"1":{"name":"(anonymous_1)","decl":{"start":{"line":8,"column":20},"end":{"line":8,"column":21}},"loc":{"start":{"line":8,"column":31},"end":{"line":10,"column":1}},"line":8}},"branchMap":{},"s":{"0":2,"1":2,"2":2,"3":2,"4":2,"5":4,"6":2},"f":{"0":2,"1":4},"b":{},"_coverageSchema":"1a1c01bbd47fc00a2c39e90264f33305004495a9","hash":"00e3eaf4565ef31fb83490d10737f8327d7efa83"}
,"C:\\Users\\wahyu\\Music\\Coding\\Hacktiv8\\Phase 2\\Week 3\\I-Project\\IP-RMT56\\server\\helpers\\tmdbImgUrl.js": {"path":"C:\\Users\\wahyu\\Music\\Coding\\Hacktiv8\\Phase 2\\Week 3\\I-Project\\IP-RMT56\\server\\helpers\\tmdbImgUrl.js","statementMap":{"0":{"start":{"line":2,"column":2},"end":{"line":4,"column":3}},"1":{"start":{"line":3,"column":4},"end":{"line":3,"column":53}},"2":{"start":{"line":5,"column":18},"end":{"line":5,"column":51}},"3":{"start":{"line":6,"column":2},"end":{"line":6,"column":27}},"4":{"start":{"line":10,"column":2},"end":{"line":12,"column":3}},"5":{"start":{"line":11,"column":4},"end":{"line":11,"column":16}},"6":{"start":{"line":13,"column":18},"end":{"line":13,"column":55}},"7":{"start":{"line":14,"column":2},"end":{"line":14,"column":27}},"8":{"start":{"line":17,"column":0},"end":{"line":20,"column":2}}},"fnMap":{"0":{"name":"fullImageUrlPoster","decl":{"start":{"line":1,"column":9},"end":{"line":1,"column":27}},"loc":{"start":{"line":1,"column":37},"end":{"line":7,"column":1}},"line":1},"1":{"name":"fullImageUrlBackdrop","decl":{"start":{"line":9,"column":9},"end":{"line":9,"column":29}},"loc":{"start":{"line":9,"column":39},"end":{"line":15,"column":1}},"line":9}},"branchMap":{"0":{"loc":{"start":{"line":2,"column":2},"end":{"line":4,"column":3}},"type":"if","locations":[{"start":{"line":2,"column":2},"end":{"line":4,"column":3}},{"start":{},"end":{}}],"line":2},"1":{"loc":{"start":{"line":10,"column":2},"end":{"line":12,"column":3}},"type":"if","locations":[{"start":{"line":10,"column":2},"end":{"line":12,"column":3}},{"start":{},"end":{}}],"line":10}},"s":{"0":0,"1":0,"2":0,"3":0,"4":0,"5":0,"6":0,"7":0,"8":2},"f":{"0":0,"1":0},"b":{"0":[0,0],"1":[0,0]},"_coverageSchema":"1a1c01bbd47fc00a2c39e90264f33305004495a9","hash":"717242b6f3d9e6d84a923c882894b86535acaf2b"}
,"C:\\Users\\wahyu\\Music\\Coding\\Hacktiv8\\Phase 2\\Week 3\\I-Project\\IP-RMT56\\server\\middlewares\\auth.js": {"path":"C:\\Users\\wahyu\\Music\\Coding\\Hacktiv8\\Phase 2\\Week 3\\I-Project\\IP-RMT56\\server\\middlewares\\auth.js","statementMap":{"0":{"start":{"line":1,"column":24},"end":{"line":1,"column":49}},"1":{"start":{"line":2,"column":29},"end":{"line":2,"column":49}},"2":{"start":{"line":5,"column":2},"end":{"line":24,"column":3}},"3":{"start":{"line":6,"column":21},"end":{"line":6,"column":46}},"4":{"start":{"line":7,"column":4},"end":{"line":9,"column":5}},"5":{"start":{"line":8,"column":6},"end":{"line":8,"column":63}},"6":{"start":{"line":10,"column":26},"end":{"line":10,"column":45}},"7":{"start":{"line":12,"column":25},"end":{"line":12,"column":43}},"8":{"start":{"line":14,"column":17},"end":{"line":14,"column":53}},"9":{"start":{"line":16,"column":4},"end":{"line":18,"column":5}},"10":{"start":{"line":17,"column":6},"end":{"line":17,"column":63}},"11":{"start":{"line":20,"column":4},"end":{"line":20,"column":20}},"12":{"start":{"line":21,"column":4},"end":{"line":21,"column":11}},"13":{"start":{"line":23,"column":4},"end":{"line":23,"column":16}},"14":{"start":{"line":60,"column":0},"end":{"line":62,"column":2}}},"fnMap":{"0":{"name":"authentication","decl":{"start":{"line":4,"column":15},"end":{"line":4,"column":29}},"loc":{"start":{"line":4,"column":46},"end":{"line":25,"column":1}},"line":4}},"branchMap":{"0":{"loc":{"start":{"line":7,"column":4},"end":{"line":9,"column":5}},"type":"if","locations":[{"start":{"line":7,"column":4},"end":{"line":9,"column":5}},{"start":{},"end":{}}],"line":7},"1":{"loc":{"start":{"line":16,"column":4},"end":{"line":18,"column":5}},"type":"if","locations":[{"start":{"line":16,"column":4},"end":{"line":18,"column":5}},{"start":{},"end":{}}],"line":16}},"s":{"0":2,"1":2,"2":4,"3":4,"4":4,"5":0,"6":4,"7":4,"8":4,"9":4,"10":0,"11":4,"12":4,"13":0,"14":2},"f":{"0":4},"b":{"0":[0,4],"1":[0,4]},"_coverageSchema":"1a1c01bbd47fc00a2c39e90264f33305004495a9","hash":"6191693952815c150a8a0964c20b63cc42887541"}
,"C:\\Users\\wahyu\\Music\\Coding\\Hacktiv8\\Phase 2\\Week 3\\I-Project\\IP-RMT56\\server\\middlewares\\errorHandler.js": {"path":"C:\\Users\\wahyu\\Music\\Coding\\Hacktiv8\\Phase 2\\Week 3\\I-Project\\IP-RMT56\\server\\middlewares\\errorHandler.js","statementMap":{"0":{"start":{"line":2,"column":2},"end":{"line":2,"column":19}},"1":{"start":{"line":4,"column":2},"end":{"line":24,"column":3}},"2":{"start":{"line":7,"column":6},"end":{"line":7,"column":63}},"3":{"start":{"line":8,"column":6},"end":{"line":8,"column":13}},"4":{"start":{"line":10,"column":6},"end":{"line":10,"column":53}},"5":{"start":{"line":11,"column":6},"end":{"line":11,"column":13}},"6":{"start":{"line":13,"column":6},"end":{"line":13,"column":53}},"7":{"start":{"line":14,"column":6},"end":{"line":14,"column":13}},"8":{"start":{"line":16,"column":6},"end":{"line":16,"column":53}},"9":{"start":{"line":18,"column":6},"end":{"line":18,"column":53}},"10":{"start":{"line":19,"column":6},"end":{"line":19,"column":13}},"11":{"start":{"line":21,"column":6},"end":{"line":21,"column":53}},"12":{"start":{"line":23,"column":6},"end":{"line":23,"column":65}},"13":{"start":{"line":27,"column":0},"end":{"line":27,"column":30}}},"fnMap":{"0":{"name":"errorHandler","decl":{"start":{"line":1,"column":9},"end":{"line":1,"column":21}},"loc":{"start":{"line":1,"column":43},"end":{"line":25,"column":1}},"line":1}},"branchMap":{"0":{"loc":{"start":{"line":4,"column":2},"end":{"line":24,"column":3}},"type":"switch","locations":[{"start":{"line":5,"column":4},"end":{"line":5,"column":36}},{"start":{"line":6,"column":4},"end":{"line":8,"column":13}},{"start":{"line":9,"column":4},"end":{"line":11,"column":13}},{"start":{"line":12,"column":4},"end":{"line":14,"column":13}},{"start":{"line":15,"column":4},"end":{"line":16,"column":53}},{"start":{"line":17,"column":4},"end":{"line":19,"column":13}},{"start":{"line":20,"column":4},"end":{"line":21,"column":53}},{"start":{"line":22,"column":4},"end":{"line":23,"column":65}}],"line":4}},"s":{"0":5,"1":5,"2":1,"3":1,"4":1,"5":1,"6":0,"7":0,"8":3,"9":3,"10":0,"11":0,"12":0,"13":2},"f":{"0":5},"b":{"0":[1,1,1,0,3,3,0,0]},"_coverageSchema":"1a1c01bbd47fc00a2c39e90264f33305004495a9","hash":"4c5d735ebc29e4f1d46eca39c994dbf970431fbe"}
,"C:\\Users\\wahyu\\Music\\Coding\\Hacktiv8\\Phase 2\\Week 3\\I-Project\\IP-RMT56\\server\\models\\index.js": {"path":"C:\\Users\\wahyu\\Music\\Coding\\Hacktiv8\\Phase 2\\Week 3\\I-Project\\IP-RMT56\\server\\models\\index.js","statementMap":{"0":{"start":{"line":3,"column":11},"end":{"line":3,"column":24}},"1":{"start":{"line":4,"column":13},"end":{"line":4,"column":28}},"2":{"start":{"line":5,"column":18},"end":{"line":5,"column":38}},"3":{"start":{"line":6,"column":16},"end":{"line":6,"column":34}},"4":{"start":{"line":7,"column":17},"end":{"line":7,"column":42}},"5":{"start":{"line":8,"column":12},"end":{"line":8,"column":49}},"6":{"start":{"line":9,"column":15},"end":{"line":9,"column":65}},"7":{"start":{"line":10,"column":11},"end":{"line":10,"column":13}},"8":{"start":{"line":13,"column":0},"end":{"line":17,"column":1}},"9":{"start":{"line":14,"column":2},"end":{"line":14,"column":74}},"10":{"start":{"line":16,"column":2},"end":{"line":16,"column":87}},"11":{"start":{"line":19,"column":0},"end":{"line":32,"column":5}},"12":{"start":{"line":22,"column":4},"end":{"line":27,"column":6}},"13":{"start":{"line":30,"column":18},"end":{"line":30,"column":85}},"14":{"start":{"line":31,"column":4},"end":{"line":31,"column":27}},"15":{"start":{"line":34,"column":0},"end":{"line":38,"column":3}},"16":{"start":{"line":35,"column":2},"end":{"line":37,"column":3}},"17":{"start":{"line":36,"column":4},"end":{"line":36,"column":32}},"18":{"start":{"line":40,"column":0},"end":{"line":40,"column":25}},"19":{"start":{"line":41,"column":0},"end":{"line":41,"column":25}},"20":{"start":{"line":43,"column":0},"end":{"line":43,"column":20}}},"fnMap":{"0":{"name":"(anonymous_0)","decl":{"start":{"line":21,"column":10},"end":{"line":21,"column":11}},"loc":{"start":{"line":21,"column":18},"end":{"line":28,"column":3}},"line":21},"1":{"name":"(anonymous_1)","decl":{"start":{"line":29,"column":11},"end":{"line":29,"column":12}},"loc":{"start":{"line":29,"column":19},"end":{"line":32,"column":3}},"line":29},"2":{"name":"(anonymous_2)","decl":{"start":{"line":34,"column":24},"end":{"line":34,"column":25}},"loc":{"start":{"line":34,"column":37},"end":{"line":38,"column":1}},"line":34}},"branchMap":{"0":{"loc":{"start":{"line":8,"column":12},"end":{"line":8,"column":49}},"type":"binary-expr","locations":[{"start":{"line":8,"column":12},"end":{"line":8,"column":32}},{"start":{"line":8,"column":36},"end":{"line":8,"column":49}}],"line":8},"1":{"loc":{"start":{"line":13,"column":0},"end":{"line":17,"column":1}},"type":"if","locations":[{"start":{"line":13,"column":0},"end":{"line":17,"column":1}},{"start":{"line":15,"column":7},"end":{"line":17,"column":1}}],"line":13},"2":{"loc":{"start":{"line":23,"column":6},"end":{"line":26,"column":37}},"type":"binary-expr","locations":[{"start":{"line":23,"column":6},"end":{"line":23,"column":29}},{"start":{"line":24,"column":6},"end":{"line":24,"column":23}},{"start":{"line":25,"column":6},"end":{"line":25,"column":30}},{"start":{"line":26,"column":6},"end":{"line":26,"column":37}}],"line":23},"3":{"loc":{"start":{"line":35,"column":2},"end":{"line":37,"column":3}},"type":"if","locations":[{"start":{"line":35,"column":2},"end":{"line":37,"column":3}},{"start":{},"end":{}}],"line":35}},"s":{"0":2,"1":2,"2":2,"3":2,"4":2,"5":2,"6":2,"7":2,"8":2,"9":0,"10":2,"11":2,"12":10,"13":8,"14":8,"15":2,"16":8,"17":8,"18":2,"19":2,"20":2},"f":{"0":10,"1":8,"2":8},"b":{"0":[2,0],"1":[0,2],"2":[10,10,8,8],"3":[8,0]},"_coverageSchema":"1a1c01bbd47fc00a2c39e90264f33305004495a9","hash":"86641bab84b02bc9c66e2d63d66b5cff1a2012f6"}
,"C:\\Users\\wahyu\\Music\\Coding\\Hacktiv8\\Phase 2\\Week 3\\I-Project\\IP-RMT56\\server\\models\\movie.js": {"path":"C:\\Users\\wahyu\\Music\\Coding\\Hacktiv8\\Phase 2\\Week 3\\I-Project\\IP-RMT56\\server\\models\\movie.js","statementMap":{"0":{"start":{"line":2,"column":18},"end":{"line":2,"column":38}},"1":{"start":{"line":3,"column":0},"end":{"line":37,"column":2}},"2":{"start":{"line":12,"column":6},"end":{"line":14,"column":9}},"3":{"start":{"line":17,"column":2},"end":{"line":35,"column":4}},"4":{"start":{"line":36,"column":2},"end":{"line":36,"column":15}}},"fnMap":{"0":{"name":"(anonymous_0)","decl":{"start":{"line":3,"column":17},"end":{"line":3,"column":18}},"loc":{"start":{"line":3,"column":43},"end":{"line":37,"column":1}},"line":3},"1":{"name":"(anonymous_1)","decl":{"start":{"line":10,"column":4},"end":{"line":10,"column":5}},"loc":{"start":{"line":10,"column":29},"end":{"line":15,"column":5}},"line":10}},"branchMap":{},"s":{"0":2,"1":2,"2":2,"3":2,"4":2},"f":{"0":2,"1":2},"b":{},"_coverageSchema":"1a1c01bbd47fc00a2c39e90264f33305004495a9","hash":"90fb940811afdbfc08bfe3211d3d61e4afa5f6de"}
,"C:\\Users\\wahyu\\Music\\Coding\\Hacktiv8\\Phase 2\\Week 3\\I-Project\\IP-RMT56\\server\\models\\preference.js": {"path":"C:\\Users\\wahyu\\Music\\Coding\\Hacktiv8\\Phase 2\\Week 3\\I-Project\\IP-RMT56\\server\\models\\preference.js","statementMap":{"0":{"start":{"line":2,"column":18},"end":{"line":2,"column":38}},"1":{"start":{"line":3,"column":0},"end":{"line":51,"column":2}},"2":{"start":{"line":12,"column":6},"end":{"line":14,"column":9}},"3":{"start":{"line":17,"column":2},"end":{"line":49,"column":4}},"4":{"start":{"line":50,"column":2},"end":{"line":50,"column":20}}},"fnMap":{"0":{"name":"(anonymous_0)","decl":{"start":{"line":3,"column":17},"end":{"line":3,"column":18}},"loc":{"start":{"line":3,"column":43},"end":{"line":51,"column":1}},"line":3},"1":{"name":"(anonymous_1)","decl":{"start":{"line":10,"column":4},"end":{"line":10,"column":5}},"loc":{"start":{"line":10,"column":29},"end":{"line":15,"column":5}},"line":10}},"branchMap":{},"s":{"0":2,"1":2,"2":2,"3":2,"4":2},"f":{"0":2,"1":2},"b":{},"_coverageSchema":"1a1c01bbd47fc00a2c39e90264f33305004495a9","hash":"3969ceac7fc1c83151551fc809c4c159ac930f0c"}
,"C:\\Users\\wahyu\\Music\\Coding\\Hacktiv8\\Phase 2\\Week 3\\I-Project\\IP-RMT56\\server\\models\\recomendation.js": {"path":"C:\\Users\\wahyu\\Music\\Coding\\Hacktiv8\\Phase 2\\Week 3\\I-Project\\IP-RMT56\\server\\models\\recomendation.js","statementMap":{"0":{"start":{"line":2,"column":18},"end":{"line":2,"column":38}},"1":{"start":{"line":3,"column":0},"end":{"line":49,"column":2}},"2":{"start":{"line":12,"column":6},"end":{"line":14,"column":9}},"3":{"start":{"line":15,"column":6},"end":{"line":17,"column":9}},"4":{"start":{"line":20,"column":2},"end":{"line":47,"column":4}},"5":{"start":{"line":48,"column":2},"end":{"line":48,"column":23}}},"fnMap":{"0":{"name":"(anonymous_0)","decl":{"start":{"line":3,"column":17},"end":{"line":3,"column":18}},"loc":{"start":{"line":3,"column":43},"end":{"line":49,"column":1}},"line":3},"1":{"name":"(anonymous_1)","decl":{"start":{"line":10,"column":4},"end":{"line":10,"column":5}},"loc":{"start":{"line":10,"column":29},"end":{"line":18,"column":5}},"line":10}},"branchMap":{},"s":{"0":2,"1":2,"2":2,"3":2,"4":2,"5":2},"f":{"0":2,"1":2},"b":{},"_coverageSchema":"1a1c01bbd47fc00a2c39e90264f33305004495a9","hash":"deb431ffc086c6ce2cb2faa024dce9b40760679f"}
,"C:\\Users\\wahyu\\Music\\Coding\\Hacktiv8\\Phase 2\\Week 3\\I-Project\\IP-RMT56\\server\\models\\user.js": {"path":"C:\\Users\\wahyu\\Music\\Coding\\Hacktiv8\\Phase 2\\Week 3\\I-Project\\IP-RMT56\\server\\models\\user.js","statementMap":{"0":{"start":{"line":2,"column":18},"end":{"line":2,"column":38}},"1":{"start":{"line":3,"column":25},"end":{"line":3,"column":55}},"2":{"start":{"line":4,"column":0},"end":{"line":74,"column":2}},"3":{"start":{"line":13,"column":6},"end":{"line":15,"column":9}},"4":{"start":{"line":16,"column":6},"end":{"line":18,"column":9}},"5":{"start":{"line":21,"column":2},"end":{"line":66,"column":4}},"6":{"start":{"line":68,"column":2},"end":{"line":72,"column":5}},"7":{"start":{"line":69,"column":4},"end":{"line":71,"column":5}},"8":{"start":{"line":70,"column":6},"end":{"line":70,"column":50}},"9":{"start":{"line":73,"column":2},"end":{"line":73,"column":14}}},"fnMap":{"0":{"name":"(anonymous_0)","decl":{"start":{"line":4,"column":17},"end":{"line":4,"column":18}},"loc":{"start":{"line":4,"column":43},"end":{"line":74,"column":1}},"line":4},"1":{"name":"(anonymous_1)","decl":{"start":{"line":11,"column":4},"end":{"line":11,"column":5}},"loc":{"start":{"line":11,"column":29},"end":{"line":19,"column":5}},"line":11},"2":{"name":"(anonymous_2)","decl":{"start":{"line":68,"column":20},"end":{"line":68,"column":21}},"loc":{"start":{"line":68,"column":30},"end":{"line":72,"column":3}},"line":68}},"branchMap":{"0":{"loc":{"start":{"line":69,"column":4},"end":{"line":71,"column":5}},"type":"if","locations":[{"start":{"line":69,"column":4},"end":{"line":71,"column":5}},{"start":{},"end":{}}],"line":69}},"s":{"0":2,"1":2,"2":2,"3":2,"4":2,"5":2,"6":2,"7":1,"8":1,"9":2},"f":{"0":2,"1":2,"2":1},"b":{"0":[1,0]},"_coverageSchema":"1a1c01bbd47fc00a2c39e90264f33305004495a9","hash":"5b61cc56b7484711149eea1ca29f05d156f25ba8"}
,"C:\\Users\\wahyu\\Music\\Coding\\Hacktiv8\\Phase 2\\Week 3\\I-Project\\IP-RMT56\\server\\routes\\auth.js": {"path":"C:\\Users\\wahyu\\Music\\Coding\\Hacktiv8\\Phase 2\\Week 3\\I-Project\\IP-RMT56\\server\\routes\\auth.js","statementMap":{"0":{"start":{"line":1,"column":23},"end":{"line":1,"column":63}},"1":{"start":{"line":3,"column":19},"end":{"line":3,"column":46}},"2":{"start":{"line":5,"column":0},"end":{"line":5,"column":48}},"3":{"start":{"line":6,"column":0},"end":{"line":6,"column":54}},"4":{"start":{"line":7,"column":0},"end":{"line":7,"column":61}},"5":{"start":{"line":9,"column":0},"end":{"line":9,"column":28}}},"fnMap":{},"branchMap":{},"s":{"0":2,"1":2,"2":2,"3":2,"4":2,"5":2},"f":{},"b":{},"_coverageSchema":"1a1c01bbd47fc00a2c39e90264f33305004495a9","hash":"5b4175cc4ba46582242cf107a2fc198c07b48c6d"}
,"C:\\Users\\wahyu\\Music\\Coding\\Hacktiv8\\Phase 2\\Week 3\\I-Project\\IP-RMT56\\server\\routes\\index.js": {"path":"C:\\Users\\wahyu\\Music\\Coding\\Hacktiv8\\Phase 2\\Week 3\\I-Project\\IP-RMT56\\server\\routes\\index.js","statementMap":{"0":{"start":{"line":1,"column":15},"end":{"line":1,"column":42}},"1":{"start":{"line":2,"column":27},"end":{"line":2,"column":57}},"2":{"start":{"line":3,"column":19},"end":{"line":3,"column":36}},"3":{"start":{"line":4,"column":21},"end":{"line":4,"column":40}},"4":{"start":{"line":5,"column":30},"end":{"line":5,"column":58}},"5":{"start":{"line":6,"column":19},"end":{"line":6,"column":36}},"6":{"start":{"line":8,"column":0},"end":{"line":8,"column":33}},"7":{"start":{"line":10,"column":0},"end":{"line":10,"column":27}},"8":{"start":{"line":11,"column":0},"end":{"line":11,"column":33}},"9":{"start":{"line":12,"column":0},"end":{"line":12,"column":36}},"10":{"start":{"line":13,"column":0},"end":{"line":13,"column":54}},"11":{"start":{"line":14,"column":0},"end":{"line":14,"column":24}}},"fnMap":{},"branchMap":{},"s":{"0":2,"1":2,"2":2,"3":2,"4":2,"5":2,"6":2,"7":2,"8":2,"9":2,"10":2,"11":2},"f":{},"b":{},"_coverageSchema":"1a1c01bbd47fc00a2c39e90264f33305004495a9","hash":"ebd1bc187efdf2ace6fe86e30aad7f41f3cc203a"}
,"C:\\Users\\wahyu\\Music\\Coding\\Hacktiv8\\Phase 2\\Week 3\\I-Project\\IP-RMT56\\server\\routes\\movies.js": {"path":"C:\\Users\\wahyu\\Music\\Coding\\Hacktiv8\\Phase 2\\Week 3\\I-Project\\IP-RMT56\\server\\routes\\movies.js","statementMap":{"0":{"start":{"line":1,"column":24},"end":{"line":1,"column":65}},"1":{"start":{"line":3,"column":21},"end":{"line":3,"column":48}},"2":{"start":{"line":5,"column":0},"end":{"line":5,"column":51}},"3":{"start":{"line":6,"column":0},"end":{"line":6,"column":54}},"4":{"start":{"line":7,"column":0},"end":{"line":7,"column":64}},"5":{"start":{"line":9,"column":0},"end":{"line":9,"column":30}}},"fnMap":{},"branchMap":{},"s":{"0":2,"1":2,"2":2,"3":2,"4":2,"5":2},"f":{},"b":{},"_coverageSchema":"1a1c01bbd47fc00a2c39e90264f33305004495a9","hash":"c7077c0bbf83869b4c04137d2e5abf5d4b8180a4"}
,"C:\\Users\\wahyu\\Music\\Coding\\Hacktiv8\\Phase 2\\Week 3\\I-Project\\IP-RMT56\\server\\routes\\recommendations.js": {"path":"C:\\Users\\wahyu\\Music\\Coding\\Hacktiv8\\Phase 2\\Week 3\\I-Project\\IP-RMT56\\server\\routes\\recommendations.js","statementMap":{"0":{"start":{"line":1,"column":32},"end":{"line":1,"column":81}},"1":{"start":{"line":2,"column":23},"end":{"line":2,"column":63}},"2":{"start":{"line":4,"column":30},"end":{"line":4,"column":57}},"3":{"start":{"line":6,"column":0},"end":{"line":9,"column":2}},"4":{"start":{"line":10,"column":0},"end":{"line":13,"column":2}},"5":{"start":{"line":14,"column":0},"end":{"line":14,"column":75}},"6":{"start":{"line":16,"column":0},"end":{"line":16,"column":39}}},"fnMap":{},"branchMap":{},"s":{"0":2,"1":2,"2":2,"3":2,"4":2,"5":2,"6":2},"f":{},"b":{},"_coverageSchema":"1a1c01bbd47fc00a2c39e90264f33305004495a9","hash":"21ab8bf616309f0bf9bed7f74ce1915b8b25127f"}
,"C:\\Users\\wahyu\\Music\\Coding\\Hacktiv8\\Phase 2\\Week 3\\I-Project\\IP-RMT56\\server\\routes\\user.js": {"path":"C:\\Users\\wahyu\\Music\\Coding\\Hacktiv8\\Phase 2\\Week 3\\I-Project\\IP-RMT56\\server\\routes\\user.js","statementMap":{"0":{"start":{"line":1,"column":23},"end":{"line":1,"column":63}},"1":{"start":{"line":3,"column":19},"end":{"line":3,"column":46}},"2":{"start":{"line":5,"column":0},"end":{"line":5,"column":53}},"3":{"start":{"line":6,"column":0},"end":{"line":6,"column":58}},"4":{"start":{"line":7,"column":0},"end":{"line":7,"column":71}},"5":{"start":{"line":9,"column":0},"end":{"line":9,"column":28}}},"fnMap":{},"branchMap":{},"s":{"0":2,"1":2,"2":2,"3":2,"4":2,"5":2},"f":{},"b":{},"_coverageSchema":"1a1c01bbd47fc00a2c39e90264f33305004495a9","hash":"d86ab540fe04e23bf4beea12a2f2c13e2720a09a"}
}
